mode: set
github.com/odysseythink/pantheon/extensions/errors/classifier.go:41.41,42.16 1 1
github.com/odysseythink/pantheon/extensions/errors/classifier.go:42.16,44.3 1 1
github.com/odysseythink/pantheon/extensions/errors/classifier.go:47.2,47.82 1 1
github.com/odysseythink/pantheon/extensions/errors/classifier.go:47.82,49.3 1 1
github.com/odysseythink/pantheon/extensions/errors/classifier.go:52.2,52.41 1 1
github.com/odysseythink/pantheon/extensions/errors/classifier.go:52.41,54.3 1 1
github.com/odysseythink/pantheon/extensions/errors/classifier.go:57.2,58.29 2 1
github.com/odysseythink/pantheon/extensions/errors/classifier.go:58.29,59.45 1 1
github.com/odysseythink/pantheon/extensions/errors/classifier.go:59.45,61.4 1 1
github.com/odysseythink/pantheon/extensions/errors/classifier.go:62.3,62.61 1 1
github.com/odysseythink/pantheon/extensions/errors/classifier.go:66.2,67.25 2 1
github.com/odysseythink/pantheon/extensions/errors/classifier.go:67.25,69.3 1 1
github.com/odysseythink/pantheon/extensions/errors/classifier.go:71.2,71.60 1 1
github.com/odysseythink/pantheon/extensions/errors/classifier.go:74.67,75.19 1 1
github.com/odysseythink/pantheon/extensions/errors/classifier.go:76.11,77.62 1 1
github.com/odysseythink/pantheon/extensions/errors/classifier.go:78.11,79.60 1 1
github.com/odysseythink/pantheon/extensions/errors/classifier.go:80.26,81.64 1 1
github.com/odysseythink/pantheon/extensions/errors/classifier.go:82.16,83.58 1 1
github.com/odysseythink/pantheon/extensions/errors/classifier.go:84.11,85.68 1 1
github.com/odysseythink/pantheon/extensions/errors/classifier.go:86.11,87.28 1 1
github.com/odysseythink/pantheon/extensions/errors/classifier.go:87.28,89.4 1 1
github.com/odysseythink/pantheon/extensions/errors/classifier.go:90.3,90.68 1 1
github.com/odysseythink/pantheon/extensions/errors/classifier.go:91.11,92.64 1 1
github.com/odysseythink/pantheon/extensions/errors/classifier.go:93.10,94.23 1 1
github.com/odysseythink/pantheon/extensions/errors/classifier.go:94.23,96.4 1 1
github.com/odysseythink/pantheon/extensions/errors/classifier.go:97.3,97.61 1 0
github.com/odysseythink/pantheon/core/content.go:32.48,37.18 2 1
github.com/odysseythink/pantheon/core/content.go:37.18,39.3 1 0
github.com/odysseythink/pantheon/core/content.go:40.2,40.24 1 1
github.com/odysseythink/pantheon/core/content.go:40.24,42.3 1 0
github.com/odysseythink/pantheon/core/content.go:43.2,43.26 1 1
github.com/odysseythink/pantheon/core/content.go:47.52,54.51 2 1
github.com/odysseythink/pantheon/core/content.go:54.51,56.3 1 1
github.com/odysseythink/pantheon/core/content.go:57.2,60.34 4 1
github.com/odysseythink/pantheon/core/content.go:60.34,62.17 2 1
github.com/odysseythink/pantheon/core/content.go:62.17,64.4 1 1
github.com/odysseythink/pantheon/core/content.go:65.3,65.38 1 1
github.com/odysseythink/pantheon/core/content.go:67.2,67.12 1 1
github.com/odysseythink/pantheon/core/content.go:70.32,72.30 2 1
github.com/odysseythink/pantheon/core/content.go:72.30,73.25 1 1
github.com/odysseythink/pantheon/core/content.go:74.17,75.34 1 0
github.com/odysseythink/pantheon/core/content.go:76.23,77.37 1 0
github.com/odysseythink/pantheon/core/content.go:77.37,78.39 1 0
github.com/odysseythink/pantheon/core/content.go:78.39,80.6 1 0
github.com/odysseythink/pantheon/core/content.go:82.28,83.35 1 1
github.com/odysseythink/pantheon/core/content.go:84.19,84.19 0 0
github.com/odysseythink/pantheon/core/content.go:88.2,88.34 1 1
github.com/odysseythink/pantheon/core/content.go:92.52,94.30 2 0
github.com/odysseythink/pantheon/core/content.go:94.30,95.37 1 0
github.com/odysseythink/pantheon/core/content.go:95.37,97.4 1 0
github.com/odysseythink/pantheon/core/content.go:99.2,99.14 1 0
github.com/odysseythink/pantheon/core/content.go:101.44,103.30 2 0
github.com/odysseythink/pantheon/core/content.go:103.30,104.38 1 0
github.com/odysseythink/pantheon/core/content.go:104.38,106.4 1 0
github.com/odysseythink/pantheon/core/content.go:108.2,108.34 1 0
github.com/odysseythink/pantheon/core/content.go:112.38,113.30 1 0
github.com/odysseythink/pantheon/core/content.go:113.30,114.36 1 0
github.com/odysseythink/pantheon/core/content.go:114.36,116.4 1 0
github.com/odysseythink/pantheon/core/content.go:118.2,118.14 1 0
github.com/odysseythink/pantheon/core/content.go:123.36,124.30 1 0
github.com/odysseythink/pantheon/core/content.go:124.30,125.33 1 0
github.com/odysseythink/pantheon/core/content.go:125.33,127.4 1 0
github.com/odysseythink/pantheon/core/content.go:129.2,129.13 1 0
github.com/odysseythink/pantheon/core/content.go:143.32,143.33 0 1
github.com/odysseythink/pantheon/core/content.go:146.49,148.2 1 1
github.com/odysseythink/pantheon/core/content.go:151.50,152.16 1 0
github.com/odysseythink/pantheon/core/content.go:152.16,154.3 1 0
github.com/odysseythink/pantheon/core/content.go:155.2,155.46 1 0
github.com/odysseythink/pantheon/core/content.go:164.37,164.38 0 1
github.com/odysseythink/pantheon/core/content.go:167.54,169.2 1 1
github.com/odysseythink/pantheon/core/content.go:179.33,179.34 0 1
github.com/odysseythink/pantheon/core/content.go:182.50,184.2 1 1
github.com/odysseythink/pantheon/core/content.go:193.33,193.34 0 1
github.com/odysseythink/pantheon/core/content.go:196.50,198.2 1 1
github.com/odysseythink/pantheon/core/content.go:207.36,207.37 0 1
github.com/odysseythink/pantheon/core/content.go:210.53,212.2 1 1
github.com/odysseythink/pantheon/core/content.go:221.36,221.37 0 1
github.com/odysseythink/pantheon/core/content.go:224.53,226.2 1 1
github.com/odysseythink/pantheon/core/content.go:237.38,237.39 0 1
github.com/odysseythink/pantheon/core/content.go:240.55,242.2 1 1
github.com/odysseythink/pantheon/core/content.go:249.43,249.44 0 1
github.com/odysseythink/pantheon/core/content.go:252.60,254.2 1 1
github.com/odysseythink/pantheon/core/content.go:256.62,260.50 2 1
github.com/odysseythink/pantheon/core/content.go:260.50,262.3 1 1
github.com/odysseythink/pantheon/core/content.go:263.2,263.18 1 1
github.com/odysseythink/pantheon/core/content.go:264.14,266.49 2 1
github.com/odysseythink/pantheon/core/content.go:266.49,268.4 1 1
github.com/odysseythink/pantheon/core/content.go:269.3,269.16 1 1
github.com/odysseythink/pantheon/core/content.go:270.19,272.49 2 1
github.com/odysseythink/pantheon/core/content.go:272.49,274.4 1 1
github.com/odysseythink/pantheon/core/content.go:275.3,275.16 1 1
github.com/odysseythink/pantheon/core/content.go:276.15,278.49 2 1
github.com/odysseythink/pantheon/core/content.go:278.49,280.4 1 1
github.com/odysseythink/pantheon/core/content.go:281.3,281.16 1 1
github.com/odysseythink/pantheon/core/content.go:282.15,284.49 2 1
github.com/odysseythink/pantheon/core/content.go:284.49,286.4 1 1
github.com/odysseythink/pantheon/core/content.go:287.3,287.16 1 1
github.com/odysseythink/pantheon/core/content.go:288.18,290.49 2 1
github.com/odysseythink/pantheon/core/content.go:290.49,292.4 1 1
github.com/odysseythink/pantheon/core/content.go:293.3,293.16 1 1
github.com/odysseythink/pantheon/core/content.go:294.19,296.49 2 1
github.com/odysseythink/pantheon/core/content.go:296.49,298.4 1 1
github.com/odysseythink/pantheon/core/content.go:299.3,299.16 1 1
github.com/odysseythink/pantheon/core/content.go:300.21,302.49 2 1
github.com/odysseythink/pantheon/core/content.go:302.49,304.4 1 1
github.com/odysseythink/pantheon/core/content.go:305.3,305.16 1 1
github.com/odysseythink/pantheon/core/content.go:306.27,308.49 2 1
github.com/odysseythink/pantheon/core/content.go:308.49,310.4 1 0
github.com/odysseythink/pantheon/core/content.go:311.3,311.16 1 1
github.com/odysseythink/pantheon/core/content.go:312.16,314.49 2 0
github.com/odysseythink/pantheon/core/content.go:314.49,316.4 1 0
github.com/odysseythink/pantheon/core/content.go:317.3,317.16 1 0
github.com/odysseythink/pantheon/core/content.go:318.10,319.68 1 1
github.com/odysseythink/pantheon/core/content.go:324.59,331.51 2 1
github.com/odysseythink/pantheon/core/content.go:331.51,333.3 1 1
github.com/odysseythink/pantheon/core/content.go:334.2,337.34 4 1
github.com/odysseythink/pantheon/core/content.go:337.34,339.17 2 1
github.com/odysseythink/pantheon/core/content.go:339.17,341.4 1 1
github.com/odysseythink/pantheon/core/content.go:342.3,342.38 1 1
github.com/odysseythink/pantheon/core/content.go:344.2,344.12 1 1
github.com/odysseythink/pantheon/core/content.go:348.64,353.2 1 0
github.com/odysseythink/pantheon/core/content.go:374.51,383.2 2 0
github.com/odysseythink/pantheon/core/content.go:385.34,385.35 0 0
github.com/odysseythink/pantheon/core/content.go:388.68,397.2 1 0
github.com/odysseythink/pantheon/core/errors.go:18.40,20.2 1 1
github.com/odysseythink/pantheon/core/errors.go:23.44,24.59 1 1
github.com/odysseythink/pantheon/core/errors.go:24.59,26.3 1 1
github.com/odysseythink/pantheon/core/errors.go:27.2,27.21 1 1
github.com/odysseythink/pantheon/core/errors.go:27.21,29.3 1 1
github.com/odysseythink/pantheon/core/errors.go:30.2,30.14 1 1
github.com/odysseythink/pantheon/core/errors.go:34.49,35.21 1 1
github.com/odysseythink/pantheon/core/errors.go:35.21,37.3 1 1
github.com/odysseythink/pantheon/core/errors.go:38.2,38.21 1 1
github.com/odysseythink/pantheon/core/errors.go:38.21,44.3 2 1
github.com/odysseythink/pantheon/core/errors.go:45.2,45.14 1 1
github.com/odysseythink/pantheon/core/http.go:23.14,25.2 1 1
github.com/odysseythink/pantheon/core/http.go:34.14,37.16 3 1
github.com/odysseythink/pantheon/core/http.go:37.16,43.3 2 1
github.com/odysseythink/pantheon/core/http.go:44.2,45.20 2 1
github.com/odysseythink/pantheon/core/http.go:45.20,46.27 1 1
github.com/odysseythink/pantheon/core/http.go:46.27,47.18 1 1
github.com/odysseythink/pantheon/core/http.go:47.18,48.26 1 1
github.com/odysseythink/pantheon/core/http.go:48.26,49.18 1 1
github.com/odysseythink/pantheon/core/http.go:49.18,51.7 1 1
github.com/odysseythink/pantheon/core/http.go:56.2,59.20 4 1
github.com/odysseythink/pantheon/core/http.go:59.20,60.39 1 1
github.com/odysseythink/pantheon/core/http.go:60.39,62.4 1 0
github.com/odysseythink/pantheon/core/http.go:62.9,64.18 2 1
github.com/odysseythink/pantheon/core/http.go:64.18,69.5 1 1
github.com/odysseythink/pantheon/core/http.go:70.4,70.38 1 1
github.com/odysseythink/pantheon/core/http.go:74.2,74.19 1 1
github.com/odysseythink/pantheon/core/http.go:74.19,76.3 1 1
github.com/odysseythink/pantheon/core/http.go:77.2,77.23 1 1
github.com/odysseythink/pantheon/core/http.go:77.23,79.3 1 1
github.com/odysseythink/pantheon/core/http.go:80.2,80.16 1 1
github.com/odysseythink/pantheon/core/http.go:80.16,82.3 1 1
github.com/odysseythink/pantheon/core/http.go:83.2,84.16 2 1
github.com/odysseythink/pantheon/core/http.go:84.16,90.3 2 1
github.com/odysseythink/pantheon/core/http.go:91.2,91.22 1 1
github.com/odysseythink/pantheon/core/http.go:91.22,92.29 1 1
github.com/odysseythink/pantheon/core/http.go:92.29,94.4 1 1
github.com/odysseythink/pantheon/core/http.go:97.2,98.16 2 1
github.com/odysseythink/pantheon/core/http.go:98.16,104.3 2 0
github.com/odysseythink/pantheon/core/http.go:105.2,107.16 3 1
github.com/odysseythink/pantheon/core/http.go:107.16,113.3 2 1
github.com/odysseythink/pantheon/core/http.go:114.2,117.3 2 1
github.com/odysseythink/pantheon/core/http.go:118.2,119.28 2 1
github.com/odysseythink/pantheon/core/http.go:119.28,127.3 3 1
github.com/odysseythink/pantheon/core/http.go:128.2,129.33 2 1
github.com/odysseythink/pantheon/core/http.go:129.33,135.3 2 1
github.com/odysseythink/pantheon/core/http.go:137.2,137.24 1 1
github.com/odysseythink/pantheon/core/object_stream.go:28.108,33.2 1 1
github.com/odysseythink/pantheon/core/object_stream.go:37.67,38.34 1 1
github.com/odysseythink/pantheon/core/object_stream.go:38.34,42.35 3 1
github.com/odysseythink/pantheon/core/object_stream.go:42.35,43.18 1 1
github.com/odysseythink/pantheon/core/object_stream.go:43.18,45.5 1 0
github.com/odysseythink/pantheon/core/object_stream.go:46.4,46.69 1 1
github.com/odysseythink/pantheon/core/object_stream.go:46.69,47.13 1 1
github.com/odysseythink/pantheon/core/object_stream.go:49.4,50.69 2 1
github.com/odysseythink/pantheon/core/object_stream.go:50.69,51.13 1 0
github.com/odysseythink/pantheon/core/object_stream.go:53.4,53.62 1 1
github.com/odysseythink/pantheon/core/object_stream.go:53.62,54.24 1 1
github.com/odysseythink/pantheon/core/object_stream.go:54.24,56.6 1 0
github.com/odysseythink/pantheon/core/object_stream.go:57.5,58.22 2 1
github.com/odysseythink/pantheon/core/object_stream.go:66.63,67.39 1 1
github.com/odysseythink/pantheon/core/object_stream.go:67.39,68.35 1 1
github.com/odysseythink/pantheon/core/object_stream.go:68.35,69.18 1 1
github.com/odysseythink/pantheon/core/object_stream.go:69.18,71.5 1 0
github.com/odysseythink/pantheon/core/object_stream.go:72.4,72.74 1 1
github.com/odysseythink/pantheon/core/object_stream.go:72.74,73.31 1 1
github.com/odysseythink/pantheon/core/object_stream.go:73.31,75.6 1 0
github.com/odysseythink/pantheon/core/object_stream.go:82.67,84.2 1 0
github.com/odysseythink/pantheon/core/object_stream.go:88.68,98.34 9 1
github.com/odysseythink/pantheon/core/object_stream.go:98.34,99.17 1 1
github.com/odysseythink/pantheon/core/object_stream.go:99.17,101.12 2 0
github.com/odysseythink/pantheon/core/object_stream.go:103.3,103.20 1 1
github.com/odysseythink/pantheon/core/object_stream.go:104.35,105.26 1 1
github.com/odysseythink/pantheon/core/object_stream.go:105.26,106.74 1 1
github.com/odysseythink/pantheon/core/object_stream.go:106.74,108.57 2 1
github.com/odysseythink/pantheon/core/object_stream.go:108.57,110.7 1 1
github.com/odysseythink/pantheon/core/object_stream.go:113.35,114.25 1 1
github.com/odysseythink/pantheon/core/object_stream.go:114.25,116.5 1 1
github.com/odysseythink/pantheon/core/object_stream.go:117.4,119.30 3 1
github.com/odysseythink/pantheon/core/object_stream.go:119.30,121.5 1 0
github.com/odysseythink/pantheon/core/object_stream.go:125.2,125.20 1 1
github.com/odysseythink/pantheon/core/object_stream.go:125.20,127.3 1 0
github.com/odysseythink/pantheon/core/object_stream.go:128.2,128.16 1 1
github.com/odysseythink/pantheon/core/object_stream.go:128.16,130.3 1 0
github.com/odysseythink/pantheon/core/object_stream.go:132.2,139.8 1 1
github.com/odysseythink/pantheon/core/object_stream.go:142.64,144.16 2 1
github.com/odysseythink/pantheon/core/object_stream.go:144.16,146.3 1 0
github.com/odysseythink/pantheon/core/object_stream.go:147.2,147.34 1 1
github.com/odysseythink/pantheon/core/options.go:16.74,19.2 2 1
github.com/odysseythink/pantheon/core/options.go:22.72,24.2 1 1
github.com/odysseythink/pantheon/core/options.go:27.57,29.23 2 1
github.com/odysseythink/pantheon/core/options.go:29.23,31.17 2 1
github.com/odysseythink/pantheon/core/options.go:31.17,33.4 1 1
github.com/odysseythink/pantheon/core/options.go:34.3,34.14 1 1
github.com/odysseythink/pantheon/core/options.go:36.2,36.24 1 1
github.com/odysseythink/pantheon/core/options.go:40.61,44.2 1 1
github.com/odysseythink/pantheon/core/tool.go:43.64,44.14 1 1
github.com/odysseythink/pantheon/core/tool.go:44.14,46.3 1 1
github.com/odysseythink/pantheon/core/tool.go:47.2,47.23 1 1
github.com/odysseythink/pantheon/core/tool.go:48.27,49.18 1 1
github.com/odysseythink/pantheon/core/tool.go:50.28,51.17 1 1
github.com/odysseythink/pantheon/core/tool.go:52.10,53.20 1 1
github.com/odysseythink/pantheon/core/tool.go:121.45,122.14 1 1
github.com/odysseythink/pantheon/core/tool.go:122.14,124.3 1 1
github.com/odysseythink/pantheon/core/tool.go:125.2,125.64 1 1
github.com/odysseythink/pantheon/core/tool.go:129.42,132.2 2 1
github.com/odysseythink/pantheon/core/tool.go:134.85,135.29 1 1
github.com/odysseythink/pantheon/core/tool.go:135.29,137.3 1 1
github.com/odysseythink/pantheon/core/tool.go:139.2,139.16 1 1
github.com/odysseythink/pantheon/core/tool.go:139.16,141.3 1 1
github.com/odysseythink/pantheon/core/tool.go:144.2,144.38 1 1
github.com/odysseythink/pantheon/core/tool.go:144.38,146.3 1 1
github.com/odysseythink/pantheon/core/tool.go:148.2,148.18 1 1
github.com/odysseythink/pantheon/core/tool.go:149.22,150.33 1 1
github.com/odysseythink/pantheon/core/tool.go:152.79,153.34 1 1
github.com/odysseythink/pantheon/core/tool.go:154.40,155.33 1 1
github.com/odysseythink/pantheon/core/tool.go:156.20,157.34 1 1
github.com/odysseythink/pantheon/core/tool.go:158.36,160.51 2 1
github.com/odysseythink/pantheon/core/tool.go:161.19,162.39 1 1
github.com/odysseythink/pantheon/core/tool.go:162.39,168.4 2 1
github.com/odysseythink/pantheon/core/tool.go:169.3,169.33 1 0
github.com/odysseythink/pantheon/core/tool.go:170.22,178.37 4 1
github.com/odysseythink/pantheon/core/tool.go:178.37,180.27 2 1
github.com/odysseythink/pantheon/core/tool.go:180.27,181.13 1 1
github.com/odysseythink/pantheon/core/tool.go:184.4,185.22 2 1
github.com/odysseythink/pantheon/core/tool.go:185.22,186.13 1 1
github.com/odysseythink/pantheon/core/tool.go:189.4,192.21 3 1
github.com/odysseythink/pantheon/core/tool.go:192.21,194.23 2 1
github.com/odysseythink/pantheon/core/tool.go:194.23,196.6 1 1
github.com/odysseythink/pantheon/core/tool.go:197.5,197.36 1 1
github.com/odysseythink/pantheon/core/tool.go:197.36,198.29 1 1
github.com/odysseythink/pantheon/core/tool.go:198.29,200.12 2 1
github.com/odysseythink/pantheon/core/tool.go:203.10,205.5 1 1
github.com/odysseythink/pantheon/core/tool.go:207.4,209.56 2 1
github.com/odysseythink/pantheon/core/tool.go:209.56,211.5 1 1
github.com/odysseythink/pantheon/core/tool.go:213.4,213.55 1 1
github.com/odysseythink/pantheon/core/tool.go:213.55,216.34 3 1
github.com/odysseythink/pantheon/core/tool.go:216.34,218.6 1 1
github.com/odysseythink/pantheon/core/tool.go:221.4,222.16 2 1
github.com/odysseythink/pantheon/core/tool.go:222.16,224.5 1 1
github.com/odysseythink/pantheon/core/tool.go:226.3,226.16 1 1
github.com/odysseythink/pantheon/core/tool.go:227.25,228.33 1 1
github.com/odysseythink/pantheon/core/tool.go:229.10,230.33 1 0
github.com/odysseythink/pantheon/core/tool.go:234.35,236.22 2 1
github.com/odysseythink/pantheon/core/tool.go:236.22,237.25 1 1
github.com/odysseythink/pantheon/core/tool.go:237.25,238.13 1 1
github.com/odysseythink/pantheon/core/tool.go:238.13,240.5 1 1
github.com/odysseythink/pantheon/core/tool.go:241.4,241.47 1 1
github.com/odysseythink/pantheon/core/tool.go:242.9,244.4 1 1
github.com/odysseythink/pantheon/core/tool.go:246.2,246.23 1 1
github.com/odysseythink/pantheon/core/tool.go:250.51,251.20 1 0
github.com/odysseythink/pantheon/core/tool.go:251.20,253.3 1 0
github.com/odysseythink/pantheon/core/tool.go:254.2,255.49 2 0
github.com/odysseythink/pantheon/core/tool.go:255.49,257.3 1 0
github.com/odysseythink/pantheon/core/tool.go:258.2,258.16 1 0
github.com/odysseythink/pantheon/core/tool.go:262.46,264.16 2 0
github.com/odysseythink/pantheon/core/tool.go:264.16,265.13 1 0
github.com/odysseythink/pantheon/core/tool.go:267.2,267.10 1 0
github.com/odysseythink/pantheon/extensions/retry/header_delay.go:18.77,19.20 1 1
github.com/odysseythink/pantheon/extensions/retry/header_delay.go:19.20,21.3 1 1
github.com/odysseythink/pantheon/extensions/retry/header_delay.go:23.2,26.49 2 1
github.com/odysseythink/pantheon/extensions/retry/header_delay.go:26.49,27.55 1 1
github.com/odysseythink/pantheon/extensions/retry/header_delay.go:27.55,29.4 1 1
github.com/odysseythink/pantheon/extensions/retry/header_delay.go:33.2,33.16 1 1
github.com/odysseythink/pantheon/extensions/retry/header_delay.go:33.16,34.47 1 1
github.com/odysseythink/pantheon/extensions/retry/header_delay.go:34.47,35.57 1 1
github.com/odysseythink/pantheon/extensions/retry/header_delay.go:35.57,37.5 1 1
github.com/odysseythink/pantheon/extensions/retry/header_delay.go:37.10,37.64 1 1
github.com/odysseythink/pantheon/extensions/retry/header_delay.go:37.64,39.18 2 1
github.com/odysseythink/pantheon/extensions/retry/header_delay.go:39.18,41.6 1 1
github.com/odysseythink/pantheon/extensions/retry/header_delay.go:47.2,47.16 1 1
github.com/odysseythink/pantheon/extensions/retry/header_delay.go:47.16,48.90 1 1
github.com/odysseythink/pantheon/extensions/retry/header_delay.go:48.90,49.38 1 1
github.com/odysseythink/pantheon/extensions/retry/header_delay.go:49.38,50.58 1 1
github.com/odysseythink/pantheon/extensions/retry/header_delay.go:50.58,52.11 2 1
github.com/odysseythink/pantheon/extensions/retry/header_delay.go:59.2,59.97 1 1
github.com/odysseythink/pantheon/extensions/retry/header_delay.go:59.97,60.37 1 1
github.com/odysseythink/pantheon/extensions/retry/header_delay.go:60.37,61.75 1 1
github.com/odysseythink/pantheon/extensions/retry/header_delay.go:61.75,63.10 2 1
github.com/odysseythink/pantheon/extensions/retry/header_delay.go:69.2,69.41 1 1
github.com/odysseythink/pantheon/extensions/retry/header_delay.go:69.41,71.3 1 1
github.com/odysseythink/pantheon/extensions/retry/header_delay.go:73.2,73.17 1 1
github.com/odysseythink/pantheon/extensions/retry/model.go:34.35,34.64 1 0
github.com/odysseythink/pantheon/extensions/retry/model.go:37.32,37.58 1 0
github.com/odysseythink/pantheon/extensions/retry/model.go:40.90,41.54 1 1
github.com/odysseythink/pantheon/extensions/retry/model.go:41.54,43.3 1 1
github.com/odysseythink/pantheon/extensions/retry/model.go:47.93,48.59 1 1
github.com/odysseythink/pantheon/extensions/retry/model.go:48.59,50.3 1 1
github.com/odysseythink/pantheon/extensions/retry/model.go:54.108,55.60 1 1
github.com/odysseythink/pantheon/extensions/retry/model.go:55.60,57.3 1 1
github.com/odysseythink/pantheon/extensions/retry/model.go:61.111,62.65 1 0
github.com/odysseythink/pantheon/extensions/retry/model.go:62.65,64.3 1 0
github.com/odysseythink/pantheon/extensions/retry/model.go:70.83,72.22 2 1
github.com/odysseythink/pantheon/extensions/retry/model.go:72.22,74.3 1 1
github.com/odysseythink/pantheon/extensions/retry/model.go:75.2,76.55 2 1
github.com/odysseythink/pantheon/extensions/retry/model.go:76.55,78.17 2 1
github.com/odysseythink/pantheon/extensions/retry/model.go:78.17,80.4 1 1
github.com/odysseythink/pantheon/extensions/retry/model.go:81.3,82.30 2 1
github.com/odysseythink/pantheon/extensions/retry/model.go:82.30,83.9 1 1
github.com/odysseythink/pantheon/extensions/retry/model.go:85.3,85.26 1 1
github.com/odysseythink/pantheon/extensions/retry/model.go:85.26,86.9 1 1
github.com/odysseythink/pantheon/extensions/retry/model.go:88.3,89.23 2 1
github.com/odysseythink/pantheon/extensions/retry/model.go:89.23,91.4 1 1
github.com/odysseythink/pantheon/extensions/retry/model.go:92.3,92.45 1 1
github.com/odysseythink/pantheon/extensions/retry/model.go:92.45,94.4 1 1
github.com/odysseythink/pantheon/extensions/retry/model.go:96.2,96.22 1 1
github.com/odysseythink/pantheon/extensions/retry/model.go:99.45,102.2 2 1
github.com/odysseythink/pantheon/extensions/retry/model.go:104.72,106.15 2 1
github.com/odysseythink/pantheon/extensions/retry/model.go:106.15,108.3 1 0
github.com/odysseythink/pantheon/extensions/retry/model.go:109.2,110.15 2 1
github.com/odysseythink/pantheon/extensions/retry/model.go:110.15,112.3 1 1
github.com/odysseythink/pantheon/extensions/retry/model.go:114.2,115.31 2 1
github.com/odysseythink/pantheon/extensions/retry/model.go:115.31,117.34 2 1
github.com/odysseythink/pantheon/extensions/retry/model.go:117.34,119.4 1 0
github.com/odysseythink/pantheon/extensions/retry/model.go:120.3,120.15 1 1
github.com/odysseythink/pantheon/extensions/retry/model.go:123.2,126.20 2 1
github.com/odysseythink/pantheon/extensions/retry/model.go:126.20,128.51 2 1
github.com/odysseythink/pantheon/extensions/retry/model.go:128.51,130.4 1 1
github.com/odysseythink/pantheon/extensions/retry/model.go:133.2,133.14 1 1
github.com/odysseythink/pantheon/extensions/retry/model.go:136.71,139.9 3 1
github.com/odysseythink/pantheon/extensions/retry/model.go:140.20,141.19 1 1
github.com/odysseythink/pantheon/extensions/retry/model.go:142.17,143.13 1 1
