mode: set
github.com/odysseythink/pantheon/conversation/plugins/cli.go:26.48,27.22 1 1
github.com/odysseythink/pantheon/conversation/plugins/cli.go:27.22,29.3 1 1
github.com/odysseythink/pantheon/conversation/plugins/cli.go:30.2,30.23 1 1
github.com/odysseythink/pantheon/conversation/plugins/cli.go:30.23,32.3 1 1
github.com/odysseythink/pantheon/conversation/plugins/cli.go:33.2,33.25 1 1
github.com/odysseythink/pantheon/conversation/plugins/cli.go:33.25,35.3 1 1
github.com/odysseythink/pantheon/conversation/plugins/cli.go:36.2,36.29 1 1
github.com/odysseythink/pantheon/conversation/plugins/cli.go:43.35,43.51 1 1
github.com/odysseythink/pantheon/conversation/plugins/cli.go:45.66,46.74 1 1
github.com/odysseythink/pantheon/conversation/plugins/cli.go:46.74,48.3 1 1
github.com/odysseythink/pantheon/conversation/plugins/cli.go:50.2,50.76 1 1
github.com/odysseythink/pantheon/conversation/plugins/cli.go:50.76,53.27 3 1
github.com/odysseythink/pantheon/conversation/plugins/cli.go:53.27,55.4 1 0
github.com/odysseythink/pantheon/conversation/plugins/cli.go:55.9,57.4 1 1
github.com/odysseythink/pantheon/conversation/plugins/cli.go:58.3,58.29 1 1
github.com/odysseythink/pantheon/conversation/plugins/cli.go:61.2,61.67 1 1
github.com/odysseythink/pantheon/conversation/plugins/cli.go:61.67,63.3 1 1
github.com/odysseythink/pantheon/conversation/plugins/cli.go:65.2,65.80 1 1
github.com/odysseythink/pantheon/conversation/plugins/cli.go:65.80,67.44 2 1
github.com/odysseythink/pantheon/conversation/plugins/cli.go:67.44,70.4 2 1
github.com/odysseythink/pantheon/conversation/plugins/cli.go:71.3,71.13 1 0
github.com/odysseythink/pantheon/conversation/plugins/cli.go:71.13,73.4 1 0
github.com/odysseythink/pantheon/conversation/plugins/cli.go:76.2,76.87 1 1
github.com/odysseythink/pantheon/conversation/plugins/cli.go:76.87,78.50 2 1
github.com/odysseythink/pantheon/conversation/plugins/cli.go:78.50,80.44 2 1
github.com/odysseythink/pantheon/conversation/plugins/cli.go:80.44,82.5 1 1
github.com/odysseythink/pantheon/conversation/plugins/cli.go:83.4,83.10 1 1
github.com/odysseythink/pantheon/conversation/plugins/cli.go:85.3,85.59 1 1
github.com/odysseythink/pantheon/conversation/plugins/cli.go:88.2,88.12 1 1
github.com/odysseythink/pantheon/conversation/plugins/cli.go:91.52,93.29 2 1
github.com/odysseythink/pantheon/conversation/plugins/cli.go:93.29,94.12 1 1
github.com/odysseythink/pantheon/conversation/plugins/cli.go:94.12,96.4 1 1
github.com/odysseythink/pantheon/conversation/plugins/cli.go:97.3,98.76 2 1
github.com/odysseythink/pantheon/conversation/plugins/cli.go:100.2,100.28 1 1
github.com/odysseythink/pantheon/conversation/plugins/cli.go:103.69,106.16 3 1
github.com/odysseythink/pantheon/conversation/plugins/cli.go:106.16,108.3 1 1
github.com/odysseythink/pantheon/conversation/plugins/cli.go:109.2,109.32 1 1
github.com/odysseythink/pantheon/conversation/plugins/filehistory.go:19.64,20.19 1 1
github.com/odysseythink/pantheon/conversation/plugins/filehistory.go:20.19,22.3 1 1
github.com/odysseythink/pantheon/conversation/plugins/filehistory.go:23.2,23.37 1 1
github.com/odysseythink/pantheon/conversation/plugins/filehistory.go:30.43,30.68 1 1
github.com/odysseythink/pantheon/conversation/plugins/filehistory.go:32.74,33.53 1 1
github.com/odysseythink/pantheon/conversation/plugins/filehistory.go:33.53,35.3 1 0
github.com/odysseythink/pantheon/conversation/plugins/filehistory.go:37.2,38.76 2 1
github.com/odysseythink/pantheon/conversation/plugins/filehistory.go:38.76,40.17 2 1
github.com/odysseythink/pantheon/conversation/plugins/filehistory.go:40.17,42.4 1 0
github.com/odysseythink/pantheon/conversation/plugins/filehistory.go:43.3,43.41 1 1
github.com/odysseythink/pantheon/conversation/plugins/filehistory.go:45.2,45.12 1 1
github.com/odysseythink/pantheon/conversation/plugins/webbrowsing.go:28.64,29.27 1 1
github.com/odysseythink/pantheon/conversation/plugins/webbrowsing.go:29.27,31.3 1 1
github.com/odysseythink/pantheon/conversation/plugins/webbrowsing.go:32.2,32.30 1 1
github.com/odysseythink/pantheon/conversation/plugins/webbrowsing.go:32.30,34.3 1 1
github.com/odysseythink/pantheon/conversation/plugins/webbrowsing.go:35.2,35.30 1 1
github.com/odysseythink/pantheon/conversation/plugins/webbrowsing.go:35.30,37.3 1 1
github.com/odysseythink/pantheon/conversation/plugins/webbrowsing.go:38.2,38.37 1 1
github.com/odysseythink/pantheon/conversation/plugins/webbrowsing.go:45.43,45.68 1 1
github.com/odysseythink/pantheon/conversation/plugins/webbrowsing.go:47.74,51.2 1 1
github.com/odysseythink/pantheon/conversation/plugins/webbrowsing.go:54.87,55.30 1 1
github.com/odysseythink/pantheon/conversation/plugins/webbrowsing.go:55.30,57.3 1 1
github.com/odysseythink/pantheon/conversation/plugins/webbrowsing.go:58.2,59.16 2 1
github.com/odysseythink/pantheon/conversation/plugins/webbrowsing.go:59.16,61.3 1 0
github.com/odysseythink/pantheon/conversation/plugins/webbrowsing.go:62.2,63.16 2 1
github.com/odysseythink/pantheon/conversation/plugins/webbrowsing.go:63.16,65.3 1 0
github.com/odysseythink/pantheon/conversation/plugins/webbrowsing.go:66.2,70.16 4 1
github.com/odysseythink/pantheon/conversation/plugins/webbrowsing.go:70.16,72.3 1 1
github.com/odysseythink/pantheon/conversation/plugins/webbrowsing.go:73.2,75.16 3 1
github.com/odysseythink/pantheon/conversation/plugins/webbrowsing.go:75.16,77.3 1 1
github.com/odysseythink/pantheon/conversation/plugins/webbrowsing.go:78.2,78.26 1 1
github.com/odysseythink/pantheon/conversation/plugins/webbrowsing.go:82.85,83.34 1 1
github.com/odysseythink/pantheon/conversation/plugins/webbrowsing.go:83.34,85.3 1 1
github.com/odysseythink/pantheon/conversation/plugins/webbrowsing.go:86.2,87.16 2 1
github.com/odysseythink/pantheon/conversation/plugins/webbrowsing.go:87.16,89.3 1 0
github.com/odysseythink/pantheon/conversation/plugins/webbrowsing.go:90.2,92.16 3 1
github.com/odysseythink/pantheon/conversation/plugins/webbrowsing.go:92.16,94.3 1 0
github.com/odysseythink/pantheon/conversation/plugins/webbrowsing.go:95.2,99.16 4 1
github.com/odysseythink/pantheon/conversation/plugins/webbrowsing.go:99.16,101.3 1 0
github.com/odysseythink/pantheon/conversation/plugins/webbrowsing.go:102.2,104.28 2 1
github.com/odysseythink/pantheon/conversation/plugins/webbrowsing.go:104.28,106.3 1 1
github.com/odysseythink/pantheon/conversation/plugins/webbrowsing.go:108.2,109.16 2 1
github.com/odysseythink/pantheon/conversation/plugins/webbrowsing.go:109.16,111.3 1 1
github.com/odysseythink/pantheon/conversation/plugins/webbrowsing.go:112.2,114.16 3 1
github.com/odysseythink/pantheon/conversation/plugins/webbrowsing.go:114.16,116.3 1 0
github.com/odysseythink/pantheon/conversation/plugins/webbrowsing.go:118.2,118.53 1 1
github.com/odysseythink/pantheon/conversation/plugins/webbrowsing.go:118.53,120.3 1 1
github.com/odysseythink/pantheon/conversation/plugins/webbrowsing.go:121.2,121.29 1 1
github.com/odysseythink/pantheon/conversation/plugins/webbrowsing.go:124.89,131.16 3 1
github.com/odysseythink/pantheon/conversation/plugins/webbrowsing.go:131.16,133.3 1 0
github.com/odysseythink/pantheon/conversation/plugins/webbrowsing.go:134.2,134.33 1 1
