mode: set
github.com/odysseythink/pantheon/core/content.go:39.32,39.33 0 1
github.com/odysseythink/pantheon/core/content.go:42.49,44.2 1 1
github.com/odysseythink/pantheon/core/content.go:52.37,52.38 0 1
github.com/odysseythink/pantheon/core/content.go:55.54,57.2 1 1
github.com/odysseythink/pantheon/core/content.go:67.33,67.34 0 1
github.com/odysseythink/pantheon/core/content.go:70.50,72.2 1 1
github.com/odysseythink/pantheon/core/content.go:81.33,81.34 0 1
github.com/odysseythink/pantheon/core/content.go:84.50,86.2 1 1
github.com/odysseythink/pantheon/core/content.go:95.36,95.37 0 1
github.com/odysseythink/pantheon/core/content.go:98.53,100.2 1 1
github.com/odysseythink/pantheon/core/content.go:109.36,109.37 0 1
github.com/odysseythink/pantheon/core/content.go:112.53,114.2 1 1
github.com/odysseythink/pantheon/core/content.go:124.38,124.39 0 1
github.com/odysseythink/pantheon/core/content.go:127.55,129.2 1 1
github.com/odysseythink/pantheon/core/content.go:131.60,135.50 2 1
github.com/odysseythink/pantheon/core/content.go:135.50,137.3 1 1
github.com/odysseythink/pantheon/core/content.go:138.2,138.18 1 1
github.com/odysseythink/pantheon/core/content.go:139.14,141.49 2 1
github.com/odysseythink/pantheon/core/content.go:141.49,143.4 1 1
github.com/odysseythink/pantheon/core/content.go:144.3,144.16 1 1
github.com/odysseythink/pantheon/core/content.go:145.19,147.49 2 1
github.com/odysseythink/pantheon/core/content.go:147.49,149.4 1 1
github.com/odysseythink/pantheon/core/content.go:150.3,150.16 1 1
github.com/odysseythink/pantheon/core/content.go:151.15,153.49 2 1
github.com/odysseythink/pantheon/core/content.go:153.49,155.4 1 1
github.com/odysseythink/pantheon/core/content.go:156.3,156.16 1 1
github.com/odysseythink/pantheon/core/content.go:157.15,159.49 2 1
github.com/odysseythink/pantheon/core/content.go:159.49,161.4 1 1
github.com/odysseythink/pantheon/core/content.go:162.3,162.16 1 1
github.com/odysseythink/pantheon/core/content.go:163.18,165.49 2 1
github.com/odysseythink/pantheon/core/content.go:165.49,167.4 1 1
github.com/odysseythink/pantheon/core/content.go:168.3,168.16 1 1
github.com/odysseythink/pantheon/core/content.go:169.19,171.49 2 1
github.com/odysseythink/pantheon/core/content.go:171.49,173.4 1 1
github.com/odysseythink/pantheon/core/content.go:174.3,174.16 1 1
github.com/odysseythink/pantheon/core/content.go:175.21,177.49 2 1
github.com/odysseythink/pantheon/core/content.go:177.49,179.4 1 1
github.com/odysseythink/pantheon/core/content.go:180.3,180.16 1 1
github.com/odysseythink/pantheon/core/content.go:181.10,182.68 1 1
github.com/odysseythink/pantheon/core/content.go:187.59,194.51 2 1
github.com/odysseythink/pantheon/core/content.go:194.51,196.3 1 1
github.com/odysseythink/pantheon/core/content.go:197.2,200.34 4 1
github.com/odysseythink/pantheon/core/content.go:200.34,202.17 2 1
github.com/odysseythink/pantheon/core/content.go:202.17,204.4 1 1
github.com/odysseythink/pantheon/core/content.go:205.3,205.38 1 1
github.com/odysseythink/pantheon/core/content.go:207.2,207.12 1 1
github.com/odysseythink/pantheon/core/content.go:211.48,216.2 1 1
github.com/odysseythink/pantheon/core/content.go:219.52,224.51 2 1
github.com/odysseythink/pantheon/core/content.go:224.51,226.3 1 1
github.com/odysseythink/pantheon/core/content.go:227.2,228.34 2 1
github.com/odysseythink/pantheon/core/content.go:228.34,230.17 2 1
github.com/odysseythink/pantheon/core/content.go:230.17,232.4 1 1
github.com/odysseythink/pantheon/core/content.go:233.3,233.38 1 1
github.com/odysseythink/pantheon/core/content.go:235.2,235.12 1 1
github.com/odysseythink/pantheon/core/errors.go:16.40,18.2 1 1
github.com/odysseythink/pantheon/core/errors.go:21.44,22.59 1 1
github.com/odysseythink/pantheon/core/errors.go:22.59,24.3 1 1
github.com/odysseythink/pantheon/core/errors.go:25.2,25.21 1 1
github.com/odysseythink/pantheon/core/errors.go:25.21,27.3 1 1
github.com/odysseythink/pantheon/core/errors.go:28.2,28.14 1 1
github.com/odysseythink/pantheon/core/errors.go:32.49,33.21 1 1
github.com/odysseythink/pantheon/core/errors.go:33.21,35.3 1 1
github.com/odysseythink/pantheon/core/errors.go:36.2,36.21 1 1
github.com/odysseythink/pantheon/core/errors.go:36.21,42.3 2 1
github.com/odysseythink/pantheon/core/errors.go:43.2,43.14 1 1
github.com/odysseythink/pantheon/core/http.go:23.14,26.16 3 1
github.com/odysseythink/pantheon/core/http.go:26.16,32.3 2 1
github.com/odysseythink/pantheon/core/http.go:33.2,34.20 2 1
github.com/odysseythink/pantheon/core/http.go:34.20,35.27 1 1
github.com/odysseythink/pantheon/core/http.go:35.27,36.18 1 1
github.com/odysseythink/pantheon/core/http.go:36.18,37.26 1 1
github.com/odysseythink/pantheon/core/http.go:37.26,38.18 1 1
github.com/odysseythink/pantheon/core/http.go:38.18,40.7 1 1
github.com/odysseythink/pantheon/core/http.go:45.2,48.20 4 1
github.com/odysseythink/pantheon/core/http.go:48.20,50.17 2 1
github.com/odysseythink/pantheon/core/http.go:50.17,55.4 1 1
github.com/odysseythink/pantheon/core/http.go:56.3,56.37 1 1
github.com/odysseythink/pantheon/core/http.go:59.2,59.23 1 1
github.com/odysseythink/pantheon/core/http.go:59.23,61.3 1 1
github.com/odysseythink/pantheon/core/http.go:62.2,62.16 1 1
github.com/odysseythink/pantheon/core/http.go:62.16,64.3 1 1
github.com/odysseythink/pantheon/core/http.go:65.2,66.16 2 1
github.com/odysseythink/pantheon/core/http.go:66.16,72.3 2 1
github.com/odysseythink/pantheon/core/http.go:73.2,73.22 1 1
github.com/odysseythink/pantheon/core/http.go:73.22,74.29 1 1
github.com/odysseythink/pantheon/core/http.go:74.29,76.4 1 1
github.com/odysseythink/pantheon/core/http.go:79.2,80.16 2 1
github.com/odysseythink/pantheon/core/http.go:80.16,86.3 2 0
github.com/odysseythink/pantheon/core/http.go:87.2,89.16 3 1
github.com/odysseythink/pantheon/core/http.go:89.16,95.3 2 1
github.com/odysseythink/pantheon/core/http.go:96.2,99.3 2 1
github.com/odysseythink/pantheon/core/http.go:100.2,101.28 2 1
github.com/odysseythink/pantheon/core/http.go:101.28,108.3 3 1
github.com/odysseythink/pantheon/core/http.go:109.2,110.33 2 1
github.com/odysseythink/pantheon/core/http.go:110.33,116.3 2 1
github.com/odysseythink/pantheon/core/http.go:118.2,118.24 1 1
github.com/odysseythink/pantheon/core/options.go:16.74,19.2 2 1
github.com/odysseythink/pantheon/core/options.go:22.72,24.2 1 1
github.com/odysseythink/pantheon/core/options.go:27.57,29.23 2 1
github.com/odysseythink/pantheon/core/options.go:29.23,31.17 2 1
github.com/odysseythink/pantheon/core/options.go:31.17,33.4 1 1
github.com/odysseythink/pantheon/core/options.go:34.3,34.14 1 1
github.com/odysseythink/pantheon/core/options.go:36.2,36.24 1 1
github.com/odysseythink/pantheon/core/options.go:40.61,44.2 1 1
github.com/odysseythink/pantheon/core/tool.go:44.45,45.29 1 1
github.com/odysseythink/pantheon/core/tool.go:45.29,47.3 1 1
github.com/odysseythink/pantheon/core/tool.go:48.2,48.34 1 1
github.com/odysseythink/pantheon/core/tool.go:51.53,52.18 1 1
github.com/odysseythink/pantheon/core/tool.go:53.22,54.33 1 1
github.com/odysseythink/pantheon/core/tool.go:56.79,57.34 1 1
github.com/odysseythink/pantheon/core/tool.go:58.40,59.33 1 1
github.com/odysseythink/pantheon/core/tool.go:60.20,61.34 1 1
github.com/odysseythink/pantheon/core/tool.go:62.36,63.73 1 1
github.com/odysseythink/pantheon/core/tool.go:64.22,66.37 2 1
github.com/odysseythink/pantheon/core/tool.go:66.37,68.27 2 1
github.com/odysseythink/pantheon/core/tool.go:68.27,69.13 1 1
github.com/odysseythink/pantheon/core/tool.go:71.4,72.47 2 1
github.com/odysseythink/pantheon/core/tool.go:72.47,74.24 2 1
github.com/odysseythink/pantheon/core/tool.go:74.24,75.14 1 1
github.com/odysseythink/pantheon/core/tool.go:77.5,77.20 1 1
github.com/odysseythink/pantheon/core/tool.go:79.4,80.41 2 1
github.com/odysseythink/pantheon/core/tool.go:82.3,82.11 1 1
github.com/odysseythink/pantheon/core/tool.go:83.10,84.33 1 1
