mode: set
github.com/odysseythink/pantheon/conversation/conversation.go:30.40,36.25 2 1
github.com/odysseythink/pantheon/conversation/conversation.go:36.25,38.3 1 1
github.com/odysseythink/pantheon/conversation/conversation.go:39.2,39.10 1 1
github.com/odysseythink/pantheon/conversation/conversation.go:43.60,47.2 3 1
github.com/odysseythink/pantheon/conversation/conversation.go:50.53,54.2 3 1
github.com/odysseythink/pantheon/conversation/conversation.go:57.39,63.2 5 1
github.com/odysseythink/pantheon/conversation/conversation.go:65.74,69.9 4 1
github.com/odysseythink/pantheon/conversation/conversation.go:69.9,71.3 1 1
github.com/odysseythink/pantheon/conversation/conversation.go:72.2,72.15 1 1
github.com/odysseythink/pantheon/conversation/conversation.go:75.66,79.9 4 1
github.com/odysseythink/pantheon/conversation/conversation.go:79.9,81.3 1 1
github.com/odysseythink/pantheon/conversation/conversation.go:82.2,82.16 1 1
github.com/odysseythink/pantheon/conversation/conversation.go:85.52,90.2 4 1
github.com/odysseythink/pantheon/conversation/conversation.go:92.58,94.16 2 1
github.com/odysseythink/pantheon/conversation/conversation.go:94.16,96.3 1 1
github.com/odysseythink/pantheon/conversation/conversation.go:97.2,97.39 1 1
github.com/odysseythink/pantheon/conversation/conversation.go:100.64,111.2 5 1
github.com/odysseythink/pantheon/conversation/conversation.go:113.57,124.2 5 0
github.com/odysseythink/pantheon/conversation/conversation.go:126.47,128.2 1 1
github.com/odysseythink/pantheon/conversation/conversation.go:130.47,140.2 5 1
github.com/odysseythink/pantheon/conversation/conversation.go:142.66,146.33 4 1
github.com/odysseythink/pantheon/conversation/conversation.go:146.33,147.37 1 1
github.com/odysseythink/pantheon/conversation/conversation.go:147.37,148.12 1 1
github.com/odysseythink/pantheon/conversation/conversation.go:150.3,150.83 1 1
github.com/odysseythink/pantheon/conversation/conversation.go:150.83,152.4 1 1
github.com/odysseythink/pantheon/conversation/conversation.go:154.2,154.29 1 1
github.com/odysseythink/pantheon/conversation/conversation.go:158.55,162.33 4 1
github.com/odysseythink/pantheon/conversation/conversation.go:162.33,163.56 1 1
github.com/odysseythink/pantheon/conversation/conversation.go:163.56,165.4 1 1
github.com/odysseythink/pantheon/conversation/conversation.go:167.2,167.14 1 1
github.com/odysseythink/pantheon/conversation/conversation.go:170.59,174.33 4 1
github.com/odysseythink/pantheon/conversation/conversation.go:174.33,175.37 1 1
github.com/odysseythink/pantheon/conversation/conversation.go:175.37,176.12 1 1
github.com/odysseythink/pantheon/conversation/conversation.go:178.3,178.34 1 1
github.com/odysseythink/pantheon/conversation/conversation.go:178.34,180.12 2 1
github.com/odysseythink/pantheon/conversation/conversation.go:182.3,182.36 1 1
github.com/odysseythink/pantheon/conversation/conversation.go:182.36,184.12 2 0
github.com/odysseythink/pantheon/conversation/conversation.go:186.3,186.83 1 1
github.com/odysseythink/pantheon/conversation/conversation.go:186.83,188.4 1 1
github.com/odysseythink/pantheon/conversation/conversation.go:190.2,190.12 1 1
github.com/odysseythink/pantheon/conversation/conversation.go:194.83,195.72 1 1
github.com/odysseythink/pantheon/conversation/conversation.go:195.72,197.3 1 0
github.com/odysseythink/pantheon/conversation/conversation.go:198.2,198.68 1 1
github.com/odysseythink/pantheon/conversation/conversation.go:198.68,200.3 1 1
github.com/odysseythink/pantheon/conversation/conversation.go:202.2,213.50 6 1
github.com/odysseythink/pantheon/conversation/conversation.go:216.72,218.6 2 1
github.com/odysseythink/pantheon/conversation/conversation.go:218.6,219.35 1 1
github.com/odysseythink/pantheon/conversation/conversation.go:219.35,221.4 1 0
github.com/odysseythink/pantheon/conversation/conversation.go:223.3,223.50 1 1
github.com/odysseythink/pantheon/conversation/conversation.go:223.50,226.4 2 0
github.com/odysseythink/pantheon/conversation/conversation.go:228.3,228.30 1 1
github.com/odysseythink/pantheon/conversation/conversation.go:228.30,231.37 3 1
github.com/odysseythink/pantheon/conversation/conversation.go:231.37,233.5 1 1
github.com/odysseythink/pantheon/conversation/conversation.go:234.4,234.44 1 1
github.com/odysseythink/pantheon/conversation/conversation.go:234.44,237.5 2 1
github.com/odysseythink/pantheon/conversation/conversation.go:239.4,240.18 2 1
github.com/odysseythink/pantheon/conversation/conversation.go:240.18,243.5 2 0
github.com/odysseythink/pantheon/conversation/conversation.go:244.4,244.18 1 1
github.com/odysseythink/pantheon/conversation/conversation.go:244.18,247.5 2 0
github.com/odysseythink/pantheon/conversation/conversation.go:248.4,249.31 2 1
github.com/odysseythink/pantheon/conversation/conversation.go:249.31,252.5 2 0
github.com/odysseythink/pantheon/conversation/conversation.go:253.4,253.12 1 1
github.com/odysseythink/pantheon/conversation/conversation.go:256.3,257.17 2 1
github.com/odysseythink/pantheon/conversation/conversation.go:257.17,260.4 2 0
github.com/odysseythink/pantheon/conversation/conversation.go:262.3,262.74 1 1
github.com/odysseythink/pantheon/conversation/conversation.go:262.74,265.4 2 1
github.com/odysseythink/pantheon/conversation/conversation.go:267.3,267.58 1 1
github.com/odysseythink/pantheon/conversation/conversation.go:267.58,270.4 2 1
github.com/odysseythink/pantheon/conversation/conversation.go:272.3,272.48 1 1
github.com/odysseythink/pantheon/conversation/conversation.go:276.80,278.16 2 1
github.com/odysseythink/pantheon/conversation/conversation.go:278.16,280.3 1 0
github.com/odysseythink/pantheon/conversation/conversation.go:282.2,283.27 2 1
github.com/odysseythink/pantheon/conversation/conversation.go:283.27,286.29 3 1
github.com/odysseythink/pantheon/conversation/conversation.go:286.29,288.4 1 1
github.com/odysseythink/pantheon/conversation/conversation.go:289.3,289.63 1 1
github.com/odysseythink/pantheon/conversation/conversation.go:290.8,292.29 2 1
github.com/odysseythink/pantheon/conversation/conversation.go:292.29,294.28 2 1
github.com/odysseythink/pantheon/conversation/conversation.go:294.28,296.5 1 1
github.com/odysseythink/pantheon/conversation/conversation.go:297.4,297.71 1 1
github.com/odysseythink/pantheon/conversation/conversation.go:301.2,302.24 2 1
github.com/odysseythink/pantheon/conversation/conversation.go:302.24,308.17 3 0
github.com/odysseythink/pantheon/conversation/conversation.go:308.17,310.4 1 0
github.com/odysseythink/pantheon/conversation/conversation.go:311.3,311.31 1 0
github.com/odysseythink/pantheon/conversation/conversation.go:311.31,313.4 1 0
github.com/odysseythink/pantheon/conversation/conversation.go:314.8,314.31 1 1
github.com/odysseythink/pantheon/conversation/conversation.go:314.31,320.17 3 1
github.com/odysseythink/pantheon/conversation/conversation.go:320.17,322.4 1 0
github.com/odysseythink/pantheon/conversation/conversation.go:323.3,323.32 1 1
github.com/odysseythink/pantheon/conversation/conversation.go:324.8,326.3 1 0
github.com/odysseythink/pantheon/conversation/conversation.go:328.2,328.54 1 1
github.com/odysseythink/pantheon/conversation/conversation.go:328.54,330.3 1 1
github.com/odysseythink/pantheon/conversation/conversation.go:332.2,333.21 2 1
github.com/odysseythink/pantheon/conversation/conversation.go:337.77,339.84 2 1
github.com/odysseythink/pantheon/conversation/conversation.go:339.84,342.3 2 0
github.com/odysseythink/pantheon/conversation/conversation.go:343.2,346.47 3 1
github.com/odysseythink/pantheon/conversation/conversation.go:346.47,348.3 1 0
github.com/odysseythink/pantheon/conversation/conversation.go:350.2,350.20 1 1
github.com/odysseythink/pantheon/conversation/conversation.go:350.20,353.3 2 1
github.com/odysseythink/pantheon/conversation/conversation.go:354.2,354.60 1 1
github.com/odysseythink/pantheon/conversation/conversation.go:358.57,360.80 2 1
github.com/odysseythink/pantheon/conversation/conversation.go:360.80,363.3 2 0
github.com/odysseythink/pantheon/conversation/conversation.go:364.2,367.60 3 1
github.com/odysseythink/pantheon/conversation/conversation.go:370.92,372.16 2 1
github.com/odysseythink/pantheon/conversation/conversation.go:372.16,374.3 1 0
github.com/odysseythink/pantheon/conversation/conversation.go:375.2,375.26 1 1
github.com/odysseythink/pantheon/conversation/conversation.go:375.26,377.3 1 1
github.com/odysseythink/pantheon/conversation/conversation.go:380.2,381.31 2 1
github.com/odysseythink/pantheon/conversation/conversation.go:381.31,382.45 1 1
github.com/odysseythink/pantheon/conversation/conversation.go:382.45,384.4 1 1
github.com/odysseythink/pantheon/conversation/conversation.go:388.2,390.43 3 1
github.com/odysseythink/pantheon/conversation/conversation.go:390.43,391.79 1 1
github.com/odysseythink/pantheon/conversation/conversation.go:391.79,393.9 2 1
github.com/odysseythink/pantheon/conversation/conversation.go:396.2,398.23 2 1
github.com/odysseythink/pantheon/conversation/conversation.go:398.23,400.31 2 1
github.com/odysseythink/pantheon/conversation/conversation.go:400.31,401.24 1 1
github.com/odysseythink/pantheon/conversation/conversation.go:401.24,403.5 1 1
github.com/odysseythink/pantheon/conversation/conversation.go:405.3,405.23 1 1
github.com/odysseythink/pantheon/conversation/conversation.go:408.2,408.25 1 1
github.com/odysseythink/pantheon/conversation/conversation.go:408.25,410.3 1 0
github.com/odysseythink/pantheon/conversation/conversation.go:413.2,413.21 1 1
github.com/odysseythink/pantheon/conversation/conversation.go:413.21,420.17 4 1
github.com/odysseythink/pantheon/conversation/conversation.go:420.17,422.4 1 0
github.com/odysseythink/pantheon/conversation/conversation.go:423.3,424.31 2 1
github.com/odysseythink/pantheon/conversation/conversation.go:424.31,425.17 1 1
github.com/odysseythink/pantheon/conversation/conversation.go:425.17,427.5 1 1
github.com/odysseythink/pantheon/conversation/conversation.go:432.2,433.28 2 1
github.com/odysseythink/pantheon/conversation/conversation.go:436.84,439.33 3 1
github.com/odysseythink/pantheon/conversation/conversation.go:439.33,442.31 3 1
github.com/odysseythink/pantheon/conversation/conversation.go:442.31,444.4 1 0
github.com/odysseythink/pantheon/conversation/conversation.go:445.3,445.32 1 1
github.com/odysseythink/pantheon/conversation/conversation.go:447.2,449.28 3 1
github.com/odysseythink/pantheon/conversation/conversation.go:449.28,451.3 1 1
github.com/odysseythink/pantheon/conversation/conversation.go:452.2,453.19 2 1
github.com/odysseythink/pantheon/conversation/events.go:19.54,23.2 3 1
github.com/odysseythink/pantheon/conversation/events.go:26.58,30.2 3 1
github.com/odysseythink/pantheon/conversation/events.go:33.54,37.2 3 0
github.com/odysseythink/pantheon/conversation/events.go:40.62,44.2 3 1
github.com/odysseythink/pantheon/conversation/events.go:47.62,51.2 3 0
github.com/odysseythink/pantheon/conversation/events.go:54.45,59.29 5 1
github.com/odysseythink/pantheon/conversation/events.go:59.29,61.3 1 1
github.com/odysseythink/pantheon/conversation/events.go:65.47,70.29 5 1
github.com/odysseythink/pantheon/conversation/events.go:70.29,72.3 1 1
github.com/odysseythink/pantheon/conversation/events.go:76.58,81.29 5 0
github.com/odysseythink/pantheon/conversation/events.go:81.29,83.3 1 0
github.com/odysseythink/pantheon/conversation/events.go:87.51,92.29 5 1
github.com/odysseythink/pantheon/conversation/events.go:92.29,94.3 1 1
github.com/odysseythink/pantheon/conversation/events.go:98.51,103.29 5 1
github.com/odysseythink/pantheon/conversation/events.go:103.29,105.3 1 0
github.com/odysseythink/pantheon/conversation/options.go:7.34,8.31 1 1
github.com/odysseythink/pantheon/conversation/options.go:8.31,10.3 1 1
github.com/odysseythink/pantheon/conversation/options.go:14.41,15.31 1 1
github.com/odysseythink/pantheon/conversation/options.go:15.31,17.3 1 1
github.com/odysseythink/pantheon/conversation/plugin.go:12.53,13.28 1 0
github.com/odysseythink/pantheon/conversation/plugin.go:13.28,14.36 1 0
github.com/odysseythink/pantheon/conversation/plugin.go:14.36,16.4 1 0
github.com/odysseythink/pantheon/conversation/plugin.go:17.3,19.16 3 0
github.com/odysseythink/pantheon/conversation/plugin.go:21.2,21.12 1 0
github.com/odysseythink/pantheon/conversation/plugin.go:25.43,31.2 5 0
github.com/odysseythink/pantheon/conversation/plugins/cli.go:26.48,27.22 1 1
github.com/odysseythink/pantheon/conversation/plugins/cli.go:27.22,29.3 1 1
github.com/odysseythink/pantheon/conversation/plugins/cli.go:30.2,30.23 1 1
github.com/odysseythink/pantheon/conversation/plugins/cli.go:30.23,32.3 1 1
github.com/odysseythink/pantheon/conversation/plugins/cli.go:33.2,33.25 1 1
github.com/odysseythink/pantheon/conversation/plugins/cli.go:33.25,35.3 1 1
github.com/odysseythink/pantheon/conversation/plugins/cli.go:36.2,36.29 1 1
github.com/odysseythink/pantheon/conversation/plugins/cli.go:43.35,43.51 1 0
github.com/odysseythink/pantheon/conversation/plugins/cli.go:45.66,46.74 1 0
github.com/odysseythink/pantheon/conversation/plugins/cli.go:46.74,48.3 1 0
github.com/odysseythink/pantheon/conversation/plugins/cli.go:50.2,50.76 1 0
github.com/odysseythink/pantheon/conversation/plugins/cli.go:50.76,53.27 3 0
github.com/odysseythink/pantheon/conversation/plugins/cli.go:53.27,55.4 1 0
github.com/odysseythink/pantheon/conversation/plugins/cli.go:55.9,57.4 1 0
github.com/odysseythink/pantheon/conversation/plugins/cli.go:58.3,58.29 1 0
github.com/odysseythink/pantheon/conversation/plugins/cli.go:61.2,61.67 1 0
github.com/odysseythink/pantheon/conversation/plugins/cli.go:61.67,63.3 1 0
github.com/odysseythink/pantheon/conversation/plugins/cli.go:65.2,65.80 1 0
github.com/odysseythink/pantheon/conversation/plugins/cli.go:65.80,67.44 2 0
github.com/odysseythink/pantheon/conversation/plugins/cli.go:67.44,70.4 2 0
github.com/odysseythink/pantheon/conversation/plugins/cli.go:71.3,71.13 1 0
github.com/odysseythink/pantheon/conversation/plugins/cli.go:71.13,73.4 1 0
github.com/odysseythink/pantheon/conversation/plugins/cli.go:76.2,76.87 1 0
github.com/odysseythink/pantheon/conversation/plugins/cli.go:76.87,78.50 2 0
github.com/odysseythink/pantheon/conversation/plugins/cli.go:78.50,80.44 2 0
github.com/odysseythink/pantheon/conversation/plugins/cli.go:80.44,82.5 1 0
github.com/odysseythink/pantheon/conversation/plugins/cli.go:83.4,83.10 1 0
github.com/odysseythink/pantheon/conversation/plugins/cli.go:85.3,85.59 1 0
github.com/odysseythink/pantheon/conversation/plugins/cli.go:88.2,88.12 1 0
github.com/odysseythink/pantheon/conversation/plugins/cli.go:91.52,93.29 2 0
github.com/odysseythink/pantheon/conversation/plugins/cli.go:93.29,94.12 1 0
github.com/odysseythink/pantheon/conversation/plugins/cli.go:94.12,96.4 1 0
github.com/odysseythink/pantheon/conversation/plugins/cli.go:97.3,98.76 2 0
github.com/odysseythink/pantheon/conversation/plugins/cli.go:100.2,100.28 1 0
github.com/odysseythink/pantheon/conversation/plugins/cli.go:103.69,106.16 3 1
github.com/odysseythink/pantheon/conversation/plugins/cli.go:106.16,108.3 1 0
github.com/odysseythink/pantheon/conversation/plugins/cli.go:109.2,109.32 1 1
github.com/odysseythink/pantheon/conversation/plugins/filehistory.go:19.64,20.19 1 1
github.com/odysseythink/pantheon/conversation/plugins/filehistory.go:20.19,22.3 1 0
github.com/odysseythink/pantheon/conversation/plugins/filehistory.go:23.2,23.37 1 1
github.com/odysseythink/pantheon/conversation/plugins/filehistory.go:30.43,30.68 1 0
github.com/odysseythink/pantheon/conversation/plugins/filehistory.go:32.74,33.53 1 1
github.com/odysseythink/pantheon/conversation/plugins/filehistory.go:33.53,35.3 1 0
github.com/odysseythink/pantheon/conversation/plugins/filehistory.go:37.2,38.76 2 1
github.com/odysseythink/pantheon/conversation/plugins/filehistory.go:38.76,40.17 2 0
github.com/odysseythink/pantheon/conversation/plugins/filehistory.go:40.17,42.4 1 0
github.com/odysseythink/pantheon/conversation/plugins/filehistory.go:43.3,43.41 1 0
github.com/odysseythink/pantheon/conversation/plugins/filehistory.go:45.2,45.12 1 1
github.com/odysseythink/pantheon/conversation/plugins/webbrowsing.go:28.64,29.27 1 1
github.com/odysseythink/pantheon/conversation/plugins/webbrowsing.go:29.27,31.3 1 1
github.com/odysseythink/pantheon/conversation/plugins/webbrowsing.go:32.2,32.30 1 1
github.com/odysseythink/pantheon/conversation/plugins/webbrowsing.go:32.30,34.3 1 1
github.com/odysseythink/pantheon/conversation/plugins/webbrowsing.go:35.2,35.30 1 1
github.com/odysseythink/pantheon/conversation/plugins/webbrowsing.go:35.30,37.3 1 1
github.com/odysseythink/pantheon/conversation/plugins/webbrowsing.go:38.2,38.37 1 1
github.com/odysseythink/pantheon/conversation/plugins/webbrowsing.go:45.43,45.68 1 0
github.com/odysseythink/pantheon/conversation/plugins/webbrowsing.go:47.74,51.2 1 0
github.com/odysseythink/pantheon/conversation/plugins/webbrowsing.go:54.87,55.30 1 1
github.com/odysseythink/pantheon/conversation/plugins/webbrowsing.go:55.30,57.3 1 1
github.com/odysseythink/pantheon/conversation/plugins/webbrowsing.go:58.2,59.16 2 1
github.com/odysseythink/pantheon/conversation/plugins/webbrowsing.go:59.16,61.3 1 0
github.com/odysseythink/pantheon/conversation/plugins/webbrowsing.go:62.2,63.16 2 1
github.com/odysseythink/pantheon/conversation/plugins/webbrowsing.go:63.16,65.3 1 0
github.com/odysseythink/pantheon/conversation/plugins/webbrowsing.go:66.2,70.16 4 1
github.com/odysseythink/pantheon/conversation/plugins/webbrowsing.go:70.16,72.3 1 0
github.com/odysseythink/pantheon/conversation/plugins/webbrowsing.go:73.2,75.16 3 1
github.com/odysseythink/pantheon/conversation/plugins/webbrowsing.go:75.16,77.3 1 0
github.com/odysseythink/pantheon/conversation/plugins/webbrowsing.go:78.2,78.26 1 1
github.com/odysseythink/pantheon/conversation/plugins/webbrowsing.go:82.85,83.34 1 1
github.com/odysseythink/pantheon/conversation/plugins/webbrowsing.go:83.34,85.3 1 1
github.com/odysseythink/pantheon/conversation/plugins/webbrowsing.go:86.2,87.16 2 1
github.com/odysseythink/pantheon/conversation/plugins/webbrowsing.go:87.16,89.3 1 0
github.com/odysseythink/pantheon/conversation/plugins/webbrowsing.go:90.2,92.16 3 1
github.com/odysseythink/pantheon/conversation/plugins/webbrowsing.go:92.16,94.3 1 0
github.com/odysseythink/pantheon/conversation/plugins/webbrowsing.go:95.2,99.16 4 1
github.com/odysseythink/pantheon/conversation/plugins/webbrowsing.go:99.16,101.3 1 0
github.com/odysseythink/pantheon/conversation/plugins/webbrowsing.go:102.2,104.28 2 1
github.com/odysseythink/pantheon/conversation/plugins/webbrowsing.go:104.28,106.3 1 0
github.com/odysseythink/pantheon/conversation/plugins/webbrowsing.go:108.2,109.16 2 1
github.com/odysseythink/pantheon/conversation/plugins/webbrowsing.go:109.16,111.3 1 0
github.com/odysseythink/pantheon/conversation/plugins/webbrowsing.go:112.2,114.16 3 1
github.com/odysseythink/pantheon/conversation/plugins/webbrowsing.go:114.16,116.3 1 0
github.com/odysseythink/pantheon/conversation/plugins/webbrowsing.go:118.2,118.53 1 1
github.com/odysseythink/pantheon/conversation/plugins/webbrowsing.go:118.53,120.3 1 1
github.com/odysseythink/pantheon/conversation/plugins/webbrowsing.go:121.2,121.29 1 0
github.com/odysseythink/pantheon/conversation/plugins/webbrowsing.go:124.89,131.16 3 0
github.com/odysseythink/pantheon/conversation/plugins/webbrowsing.go:131.16,133.3 1 0
github.com/odysseythink/pantheon/conversation/plugins/webbrowsing.go:134.2,134.33 1 0
